0 info it worked if it ends with ok
1 verbose cli [ '/root/.meteor/packages/meteor-tool/.1.4.1_1.139xb76++os.linux.x86_64+web.browser+web.cordova/mt-os.linux.x86_64/dev_bundle/bin/node',
1 verbose cli   '/root/.meteor/packages/meteor-tool/.1.4.1_1.139xb76++os.linux.x86_64+web.browser+web.cordova/mt-os.linux.x86_64/dev_bundle/bin/npm',
1 verbose cli   'run',
1 verbose cli   'test:watch' ]
2 info using npm@3.10.6
3 info using node@v4.5.0
4 verbose run-script [ 'pretest:watch', 'test:watch', 'posttest:watch' ]
5 info lifecycle socially@~pretest:watch: socially@
6 silly lifecycle socially@~pretest:watch: no script for pretest:watch, continuing
7 info lifecycle socially@~test:watch: socially@
8 verbose lifecycle socially@~test:watch: unsafe-perm in lifecycle true
9 verbose lifecycle socially@~test:watch: PATH: /root/.meteor/packages/meteor-tool/.1.4.1_1.139xb76++os.linux.x86_64+web.browser+web.cordova/mt-os.linux.x86_64/dev_bundle/lib/node_modules/npm/bin/node-gyp-bin:/var/www/javascript/meteor/socially_angular1/node_modules/.bin:/root/.meteor/packages/meteor-tool/.1.4.1_1.139xb76++os.linux.x86_64+web.browser+web.cordova/mt-os.linux.x86_64/dev_bundle/bin:/root/.meteor/packages/meteor-tool/.1.4.1_1.139xb76++os.linux.x86_64+web.browser+web.cordova/mt-os.linux.x86_64/dev_bundle/lib/node_modules/.bin:/usr/local/sbin:/usr/local/bin:/usr/sbin:/usr/bin:/sbin:/bin
10 verbose lifecycle socially@~test:watch: CWD: /var/www/javascript/meteor/socially_angular1
11 silly lifecycle socially@~test:watch: Args: [ '-c', 'meteor test --driver-package sanjo:jasmine' ]
12 silly lifecycle socially@~test:watch: Returned: code: 254  signal: null
13 info lifecycle socially@~test:watch: Failed to exec test:watch script
14 verbose stack Error: socially@ test:watch: `meteor test --driver-package sanjo:jasmine`
14 verbose stack Exit status 254
14 verbose stack     at EventEmitter.<anonymous> (/root/.meteor/packages/meteor-tool/.1.4.1_1.139xb76++os.linux.x86_64+web.browser+web.cordova/mt-os.linux.x86_64/dev_bundle/lib/node_modules/npm/lib/utils/lifecycle.js:255:16)
14 verbose stack     at emitTwo (events.js:87:13)
14 verbose stack     at EventEmitter.emit (events.js:172:7)
14 verbose stack     at ChildProcess.<anonymous> (/root/.meteor/packages/meteor-tool/.1.4.1_1.139xb76++os.linux.x86_64+web.browser+web.cordova/mt-os.linux.x86_64/dev_bundle/lib/node_modules/npm/lib/utils/spawn.js:40:14)
14 verbose stack     at emitTwo (events.js:87:13)
14 verbose stack     at ChildProcess.emit (events.js:172:7)
14 verbose stack     at maybeClose (internal/child_process.js:829:16)
14 verbose stack     at Process.ChildProcess._handle.onexit (internal/child_process.js:211:5)
15 verbose pkgid socially@
16 verbose cwd /var/www/javascript/meteor/socially_angular1
17 error Linux 4.4.0-36-generic
18 error argv "/root/.meteor/packages/meteor-tool/.1.4.1_1.139xb76++os.linux.x86_64+web.browser+web.cordova/mt-os.linux.x86_64/dev_bundle/bin/node" "/root/.meteor/packages/meteor-tool/.1.4.1_1.139xb76++os.linux.x86_64+web.browser+web.cordova/mt-os.linux.x86_64/dev_bundle/bin/npm" "run" "test:watch"
19 error node v4.5.0
20 error npm  v3.10.6
21 error code ELIFECYCLE
22 error socially@ test:watch: `meteor test --driver-package sanjo:jasmine`
22 error Exit status 254
23 error Failed at the socially@ test:watch script 'meteor test --driver-package sanjo:jasmine'.
23 error Make sure you have the latest version of node.js and npm installed.
23 error If you do, this is most likely a problem with the socially package,
23 error not with npm itself.
23 error Tell the author that this fails on your system:
23 error     meteor test --driver-package sanjo:jasmine
23 error You can get information on how to open an issue for this project with:
23 error     npm bugs socially
23 error Or if that isn't available, you can get their info via:
23 error     npm owner ls socially
23 error There is likely additional logging output above.
24 verbose exit [ 1, true ]
